{"uId":"5b016ef216cf44e8119117c3","tId":"http://localhost:8080/pick/genres","_t":1526820594641}
{"uId":"5b016ef216cf44e8119117c3","tId":"http://localhost:8080/pick/people","_t":1526820599255}
{"uId":"5b016ef216cf44e8119117c3","tId":"http://localhost:8080/pick/button","_t":1526820602443}
{"uId":"5b016ef216cf44e8119117c3","tId":"/welcome","_t":1526820606498}
{"uId":"4d94501d1f78ac091dbc9b4d","tId":"/","_t":1526820615596}
{"uId":"4d94501d1f78ac091dbc9b4d","tId":"/yt/aZT8VlTV1YY?_=1526820609827","_t":1526820619822}
{"uId":"4d94501d1f78ac091dbc9b4d","tId":"/u/4d94501d1f78ac091dbc9b4d?_=1526820609830","_t":1526820625848}
{"uId":"4d94501d1f78ac091dbc9b4d","tId":"/stream","_t":1526820633629}
{"uId":"4d94501d1f78ac091dbc9b4d","tId":"/u/4d94501d1f78ac091dbc9b4d/playlist/0?_=1526820609833","_t":1526820633643}
{"uId":"4d94501d1f78ac091dbc9b4d","tId":"/","_t":1526820639641}
{"uId":"4d94501d1f78ac091dbc9b4d","tId":"/","_t":1526820666238}
{"uId":"4d94501d1f78ac091dbc9b4d","tId":"/","_t":1526820684101}
{"uId":"4d94501d1f78ac091dbc9b4d","tId":"/u/4d94501d1f78ac091dbc9b4d","_t":1526820689307}
{"uId":"5b01704416cf44e8119117c6","tId":"http://localhost:8080/pick/genres","_t":1526820933353}
{"uId":"5b01704416cf44e8119117c6","tId":"http://localhost:8080/pick/people","_t":1526820938292}
{"uId":"5b01704416cf44e8119117c6","tId":"http://localhost:8080/pick/button","_t":1526820941901}
{"uId":"5b01704416cf44e8119117c6","tId":"/welcome","_t":1526820946586}
{"uId":"4d94501d1f78ac091dbc9b4d","tId":"/","_t":1526820961104}
{"uId":"4d94501d1f78ac091dbc9b4d","tId":"/yt/aZT8VlTV1YY?_=1526820955100","_t":1526820966571}
{"uId":"4d94501d1f78ac091dbc9b4d","tId":"/u/4d94501d1f78ac091dbc9b4d?_=1526820955103","_t":1526820971724}
{"uId":"4d94501d1f78ac091dbc9b4d","tId":"/stream","_t":1526820979129}
{"uId":"4d94501d1f78ac091dbc9b4d","tId":"/u/4d94501d1f78ac091dbc9b4d/playlist/0?_=1526820955106","_t":1526820979142}
{"uId":"4d94501d1f78ac091dbc9b4d","tId":"/","_t":1526820984445}
{"uId":"4d94501d1f78ac091dbc9b4d","tId":"/","_t":1526820998350}
{"uId":"4d94501d1f78ac091dbc9b4d","tId":"/","_t":1526821015896}
{"uId":"4d94501d1f78ac091dbc9b4d","tId":"/u/4d94501d1f78ac091dbc9b4d","_t":1526821020954}
{"uId":"5b01720f16cf44e8119117c9","tId":"http://localhost:8080/pick/genres","_t":1526821392073}
{"uId":"5b01720f16cf44e8119117c9","tId":"http://localhost:8080/pick/people","_t":1526821397600}
{"uId":"5b01720f16cf44e8119117c9","tId":"http://localhost:8080/pick/button","_t":1526821401352}
{"uId":"5b01720f16cf44e8119117c9","tId":"/welcome","_t":1526821406390}
{"uId":"4d94501d1f78ac091dbc9b4d","tId":"/","_t":1526821417699}
{"uId":"4d94501d1f78ac091dbc9b4d","tId":"/yt/aZT8VlTV1YY?_=1526821411084","_t":1526821423170}
{"uId":"4d94501d1f78ac091dbc9b4d","tId":"/u/4d94501d1f78ac091dbc9b4d?_=1526821411087","_t":1526821429270}
{"uId":"4d94501d1f78ac091dbc9b4d","tId":"/stream","_t":1526821436996}
{"uId":"4d94501d1f78ac091dbc9b4d","tId":"/u/4d94501d1f78ac091dbc9b4d/playlist/0?_=1526821411090","_t":1526821437009}
{"uId":"4d94501d1f78ac091dbc9b4d","tId":"/","_t":1526821442525}
{"uId":"4d94501d1f78ac091dbc9b4d","tId":"/","_t":1526821468861}
{"uId":"4d94501d1f78ac091dbc9b4d","tId":"/","_t":1526821504572}
{"uId":"4d94501d1f78ac091dbc9b4d","tId":"/u/4d94501d1f78ac091dbc9b4d","_t":1526821510234}
{"uId":"5b0172d116cf44e8119117cc","tId":"http://localhost:8080/pick/genres","_t":1526821585798}
{"uId":"5b0172d116cf44e8119117cc","tId":"http://localhost:8080/pick/people","_t":1526821591399}
{"uId":"5b0172d116cf44e8119117cc","tId":"http://localhost:8080/pick/button","_t":1526821595382}
{"uId":"5b0172d116cf44e8119117cc","tId":"/welcome","_t":1526821600527}
{"uId":"4d94501d1f78ac091dbc9b4d","tId":"/","_t":1526821612515}
{"uId":"4d94501d1f78ac091dbc9b4d","tId":"/yt/aZT8VlTV1YY?_=1526821605721","_t":1526821617673}
{"uId":"4d94501d1f78ac091dbc9b4d","tId":"/u/4d94501d1f78ac091dbc9b4d?_=1526821605724","_t":1526821632473}
{"uId":"4d94501d1f78ac091dbc9b4d","tId":"/stream","_t":1526821640728}
{"uId":"4d94501d1f78ac091dbc9b4d","tId":"/","_t":1526821658056}
{"uId":"4d94501d1f78ac091dbc9b4d","tId":"/","_t":1526821671376}
{"uId":"4d94501d1f78ac091dbc9b4d","tId":"/","_t":1526821700805}
{"uId":"4d94501d1f78ac091dbc9b4d","tId":"/u/4d94501d1f78ac091dbc9b4d","_t":1526821703816}
{"uId":"5b01750d16cf44e8119117cf","tId":"http://localhost:8080/pick/genres","_t":1526822157691}
{"uId":"5b01750d16cf44e8119117cf","tId":"http://localhost:8080/pick/people","_t":1526822162112}
{"uId":"5b01750d16cf44e8119117cf","tId":"http://localhost:8080/pick/button","_t":1526822167959}
{"uId":"5b01750d16cf44e8119117cf","tId":"/welcome","_t":1526822172587}
{"uId":"4d94501d1f78ac091dbc9b4d","tId":"/","_t":1526822185405}
{"uId":"4d94501d1f78ac091dbc9b4d","tId":"/yt/aZT8VlTV1YY?_=1526822177910","_t":1526822190184}
{"uId":"4d94501d1f78ac091dbc9b4d","tId":"/u/4d94501d1f78ac091dbc9b4d?_=1526822177913","_t":1526822195302}
{"uId":"4d94501d1f78ac091dbc9b4d","tId":"/stream","_t":1526822202775}
{"uId":"4d94501d1f78ac091dbc9b4d","tId":"/u/4d94501d1f78ac091dbc9b4d/playlist/0?_=1526822177916","_t":1526822202784}
{"uId":"4d94501d1f78ac091dbc9b4d","tId":"/","_t":1526822208346}
{"uId":"4d94501d1f78ac091dbc9b4d","tId":"/","_t":1526822221000}
{"uId":"4d94501d1f78ac091dbc9b4d","tId":"/","_t":1526822237442}
{"uId":"4d94501d1f78ac091dbc9b4d","tId":"/u/4d94501d1f78ac091dbc9b4d","_t":1526822241323}
{"uId":"5b01795f8a1be8032c0fdde7","tId":"http://localhost:8080/pick/genres","_t":1526823263809}
{"uId":"5b01795f8a1be8032c0fdde7","tId":"http://localhost:8080/pick/people","_t":1526823269152}
{"uId":"5b01795f8a1be8032c0fdde7","tId":"http://localhost:8080/pick/button","_t":1526823273016}
{"uId":"5b01795f8a1be8032c0fdde7","tId":"/welcome","_t":1526823278867}
{"uId":"4d94501d1f78ac091dbc9b4d","tId":"/","_t":1526823291418}
{"uId":"4d94501d1f78ac091dbc9b4d","tId":"/yt/aZT8VlTV1YY?_=1526823282700","_t":1526823296851}
{"uId":"4d94501d1f78ac091dbc9b4d","tId":"/u/4d94501d1f78ac091dbc9b4d?_=1526823282703","_t":1526823302199}
{"uId":"4d94501d1f78ac091dbc9b4d","tId":"/stream","_t":1526823309387}
{"uId":"4d94501d1f78ac091dbc9b4d","tId":"/u/4d94501d1f78ac091dbc9b4d/playlist/0?_=1526823282706","_t":1526823309405}
{"uId":"5b017a232e7e25a00000e026","tId":"http://localhost:8080/pick/genres","_t":1526823459846}
{"uId":"5b017a232e7e25a00000e026","tId":"http://localhost:8080/pick/people","_t":1526823464821}
{"uId":"5b017a232e7e25a00000e026","tId":"http://localhost:8080/pick/button","_t":1526823468430}
{"uId":"5b017a232e7e25a00000e026","tId":"/welcome","_t":1526823472804}
{"uId":"4d94501d1f78ac091dbc9b4d","tId":"/","_t":1526823487614}
{"uId":"4d94501d1f78ac091dbc9b4d","tId":"/yt/aZT8VlTV1YY?_=1526823478800","_t":1526823492648}
{"uId":"4d94501d1f78ac091dbc9b4d","tId":"/u/4d94501d1f78ac091dbc9b4d?_=1526823478803","_t":1526823498100}
{"uId":"4d94501d1f78ac091dbc9b4d","tId":"/stream","_t":1526823505260}
{"uId":"4d94501d1f78ac091dbc9b4d","tId":"/u/4d94501d1f78ac091dbc9b4d/playlist/0?_=1526823478806","_t":1526823505270}
{"uId":"4d94501d1f78ac091dbc9b4d","tId":"/","_t":1526823509533}
{"uId":"4d94501d1f78ac091dbc9b4d","tId":"/","_t":1526823532953}
{"uId":"4d94501d1f78ac091dbc9b4d","tId":"/","_t":1526823550997}
{"uId":"4d94501d1f78ac091dbc9b4d","tId":"/u/4d94501d1f78ac091dbc9b4d","_t":1526823554905}
{"uId":"5b017b0d2e7e25a00000e029","tId":"http://localhost:8080/pick/genres","_t":1526823694445}
{"uId":"5b017b0d2e7e25a00000e029","tId":"http://localhost:8080/pick/people","_t":1526823699443}
{"uId":"5b017b0d2e7e25a00000e029","tId":"http://localhost:8080/pick/button","_t":1526823702414}
{"uId":"5b017b0d2e7e25a00000e029","tId":"/welcome","_t":1526823706299}
{"uId":"4d94501d1f78ac091dbc9b4d","tId":"/","_t":1526823716248}
{"uId":"4d94501d1f78ac091dbc9b4d","tId":"/yt/aZT8VlTV1YY?_=1526823707138","_t":1526823721412}
{"uId":"4d94501d1f78ac091dbc9b4d","tId":"/u/4d94501d1f78ac091dbc9b4d?_=1526823707141","_t":1526823726848}
{"uId":"4d94501d1f78ac091dbc9b4d","tId":"/stream","_t":1526823734356}
{"uId":"4d94501d1f78ac091dbc9b4d","tId":"/u/4d94501d1f78ac091dbc9b4d/playlist/0?_=1526823707144","_t":1526823734371}
{"uId":"4d94501d1f78ac091dbc9b4d","tId":"/","_t":1526823738530}
{"uId":"4d94501d1f78ac091dbc9b4d","tId":"/","_t":1526823763642}
{"uId":"4d94501d1f78ac091dbc9b4d","tId":"/","_t":1526823781938}
{"uId":"4d94501d1f78ac091dbc9b4d","tId":"/u/4d94501d1f78ac091dbc9b4d","_t":1526823786343}
{"uId":"5b017ccac26bde4c9978db82","tId":"http://localhost:8080/pick/genres","_t":1526824138777}
{"uId":"5b017ccac26bde4c9978db82","tId":"http://localhost:8080/pick/people","_t":1526824143474}
{"uId":"5b017ccac26bde4c9978db82","tId":"http://localhost:8080/pick/button","_t":1526824147491}
{"uId":"5b017ccac26bde4c9978db82","tId":"/welcome","_t":1526824151720}
{"uId":"4d94501d1f78ac091dbc9b4d","tId":"/","_t":1526824162222}
{"uId":"4d94501d1f78ac091dbc9b4d","tId":"/yt/aZT8VlTV1YY?_=1526824152340","_t":1526824166613}
{"uId":"4d94501d1f78ac091dbc9b4d","tId":"/u/4d94501d1f78ac091dbc9b4d?_=1526824152343","_t":1526824171581}
{"uId":"4d94501d1f78ac091dbc9b4d","tId":"/stream","_t":1526824178778}
{"uId":"4d94501d1f78ac091dbc9b4d","tId":"/u/4d94501d1f78ac091dbc9b4d/playlist/0?_=1526824152346","_t":1526824178788}
{"uId":"4d94501d1f78ac091dbc9b4d","tId":"/","_t":1526824183706}
{"uId":"4d94501d1f78ac091dbc9b4d","tId":"/","_t":1526824198102}
{"uId":"4d94501d1f78ac091dbc9b4d","tId":"/","_t":1526824215876}
{"uId":"4d94501d1f78ac091dbc9b4d","tId":"/u/4d94501d1f78ac091dbc9b4d","_t":1526824220930}
{"uId":"5b017dbcc26bde4c9978db85","tId":"http://localhost:8080/pick/genres","_t":1526824380764}
{"uId":"5b017dbcc26bde4c9978db85","tId":"http://localhost:8080/pick/people","_t":1526824385285}
{"uId":"5b017dbcc26bde4c9978db85","tId":"http://localhost:8080/pick/button","_t":1526824388733}
{"uId":"5b017dbcc26bde4c9978db85","tId":"/welcome","_t":1526824393147}
{"uId":"4d94501d1f78ac091dbc9b4d","tId":"/","_t":1526824404367}
{"uId":"4d94501d1f78ac091dbc9b4d","tId":"/stream","_t":1526824469711}
{"uId":"4d94501d1f78ac091dbc9b4d","tId":"/","_t":1526824484648}
{"uId":"4d94501d1f78ac091dbc9b4d","tId":"/","_t":1526824499382}
{"uId":"4d94501d1f78ac091dbc9b4d","tId":"/","_t":1526824515238}
{"uId":"4d94501d1f78ac091dbc9b4d","tId":"/u/4d94501d1f78ac091dbc9b4d","_t":1526824517500}
{"uId":"5b01803bc26bde4c9978db87","tId":"http://localhost:8080/pick/genres","_t":1526825019988}
{"uId":"5b01803bc26bde4c9978db87","tId":"http://localhost:8080/pick/people","_t":1526825025408}
{"uId":"5b01803bc26bde4c9978db87","tId":"http://localhost:8080/pick/button","_t":1526825028954}
{"uId":"5b01803bc26bde4c9978db87","tId":"/welcome","_t":1526825033283}
{"uId":"4d94501d1f78ac091dbc9b4d","tId":"/","_t":1526825045630}
{"uId":"5b018115c26bde4c9978db89","tId":"http://localhost:8080/pick/genres","_t":1526825238280}
{"uId":"5b018115c26bde4c9978db89","tId":"http://localhost:8080/pick/people","_t":1526825243060}
{"uId":"5b018115c26bde4c9978db89","tId":"http://localhost:8080/pick/button","_t":1526825246672}
{"uId":"5b018115c26bde4c9978db89","tId":"/welcome","_t":1526825251077}
{"uId":"4d94501d1f78ac091dbc9b4d","tId":"/","_t":1526825263560}
{"uId":"5b018392c26bde4c9978db8b","tId":"http://localhost:8080/pick/genres","_t":1526825875505}
{"uId":"5b018392c26bde4c9978db8b","tId":"http://localhost:8080/pick/people","_t":1526825880800}
{"uId":"5b018392c26bde4c9978db8b","tId":"http://localhost:8080/pick/button","_t":1526825884801}
{"uId":"5b018392c26bde4c9978db8b","tId":"/welcome","_t":1526825889621}
{"uId":"4d94501d1f78ac091dbc9b4d","tId":"/","_t":1526825902316}
{"uId":"4d94501d1f78ac091dbc9b4d","tId":"/stream","_t":1526825904843}
{"uId":"4d94501d1f78ac091dbc9b4d","tId":"/","_t":1526825908597}
{"uId":"5b018456c26bde4c9978db8d","tId":"http://localhost:8080/pick/genres","_t":1526826071230}
{"uId":"5b018456c26bde4c9978db8d","tId":"http://localhost:8080/pick/people","_t":1526826076265}
{"uId":"5b018456c26bde4c9978db8d","tId":"http://localhost:8080/pick/button","_t":1526826079900}
{"uId":"5b018456c26bde4c9978db8d","tId":"/welcome","_t":1526826084008}
{"uId":"4d94501d1f78ac091dbc9b4d","tId":"/","_t":1526826094215}
{"uId":"4d94501d1f78ac091dbc9b4d","tId":"/stream","_t":1526826096497}
{"uId":"4d94501d1f78ac091dbc9b4d","tId":"/","_t":1526826100639}
{"uId":"4d94501d1f78ac091dbc9b4d","tId":"/","_t":1526826116193}
{"uId":"4d94501d1f78ac091dbc9b4d","tId":"/","_t":1526826131440}
{"uId":"4d94501d1f78ac091dbc9b4d","tId":"/u/4d94501d1f78ac091dbc9b4d","_t":1526826133581}
{"uId":"5b018627c26bde4c9978db8f","tId":"http://localhost:8080/pick/genres","_t":1526826536392}
{"uId":"5b018627c26bde4c9978db8f","tId":"http://localhost:8080/pick/people","_t":1526826541775}
{"uId":"5b018627c26bde4c9978db8f","tId":"http://localhost:8080/pick/button","_t":1526826545508}
{"uId":"5b018627c26bde4c9978db8f","tId":"/welcome","_t":1526826550496}
{"uId":"4d94501d1f78ac091dbc9b4d","tId":"/","_t":1526826563382}
{"uId":"4d94501d1f78ac091dbc9b4d","tId":"/stream","_t":1526826566561}
{"uId":"4d94501d1f78ac091dbc9b4d","tId":"/","_t":1526826581371}
{"uId":"4d94501d1f78ac091dbc9b4d","tId":"/","_t":1526826608341}
{"uId":"4d94501d1f78ac091dbc9b4d","tId":"/u/4d94501d1f78ac091dbc9b4d","_t":1526826611237}
{"uId":"5b018793c26bde4c9978db91","tId":"http://localhost:8080/pick/genres","_t":1526826899832}
{"uId":"5b018793c26bde4c9978db91","tId":"http://localhost:8080/pick/people","_t":1526826904868}
{"uId":"5b018793c26bde4c9978db91","tId":"http://localhost:8080/pick/button","_t":1526826908376}
{"uId":"5b018793c26bde4c9978db91","tId":"/welcome","_t":1526826912740}
{"uId":"4d94501d1f78ac091dbc9b4d","tId":"/","_t":1526826925521}
{"uId":"5b018868c26bde4c9978db93","tId":"http://localhost:8080/pick/genres","_t":1526827113416}
{"uId":"5b018868c26bde4c9978db93","tId":"http://localhost:8080/pick/people","_t":1526827118144}
{"uId":"5b018868c26bde4c9978db93","tId":"http://localhost:8080/pick/button","_t":1526827121584}
{"uId":"5b018868c26bde4c9978db93","tId":"/welcome","_t":1526827125561}
{"uId":"4d94501d1f78ac091dbc9b4d","tId":"/","_t":1526827136671}
{"uId":"5b0189cbc26bde4c9978db95","tId":"http://localhost:8080/pick/genres","_t":1526827467764}
{"uId":"5b0189cbc26bde4c9978db95","tId":"http://localhost:8080/pick/people","_t":1526827473007}
{"uId":"5b0189cbc26bde4c9978db95","tId":"http://localhost:8080/pick/button","_t":1526827477016}
{"uId":"5b0189cbc26bde4c9978db95","tId":"/welcome","_t":1526827481964}
{"uId":"4d94501d1f78ac091dbc9b4d","tId":"/","_t":1526827495091}
{"uId":"5b018b28c26bde4c9978db97","tId":"http://localhost:8080/pick/genres","_t":1526827817275}
{"uId":"5b018b28c26bde4c9978db97","tId":"http://localhost:8080/pick/people","_t":1526827822517}
{"uId":"5b018b28c26bde4c9978db97","tId":"http://localhost:8080/pick/button","_t":1526827826268}
{"uId":"5b018b28c26bde4c9978db97","tId":"/welcome","_t":1526827831104}
{"uId":"4d94501d1f78ac091dbc9b4d","tId":"/","_t":1526827843235}
{"uId":"4d94501d1f78ac091dbc9b4d","tId":"/yt/aZT8VlTV1YY?_=1526827829155","_t":1526827848475}
{"uId":"4d94501d1f78ac091dbc9b4d","tId":"/u/4d94501d1f78ac091dbc9b4d?_=1526827829158","_t":1526827854721}
{"uId":"4d94501d1f78ac091dbc9b4d","tId":"/stream","_t":1526827862506}
{"uId":"4d94501d1f78ac091dbc9b4d","tId":"/","_t":1526827867114}
{"uId":"5b018bc9c26bde4c9978db99","tId":"http://localhost:8080/pick/genres","_t":1526827977629}
{"uId":"5b018bc9c26bde4c9978db99","tId":"http://localhost:8080/pick/people","_t":1526827982205}
{"uId":"5b018bc9c26bde4c9978db99","tId":"http://localhost:8080/pick/button","_t":1526827985477}
{"uId":"5b018bc9c26bde4c9978db99","tId":"/welcome","_t":1526827989547}
{"uId":"4d94501d1f78ac091dbc9b4d","tId":"/","_t":1526828000257}
{"uId":"4d94501d1f78ac091dbc9b4d","tId":"/yt/aZT8VlTV1YY?_=1526827985940","_t":1526828005463}
{"uId":"4d94501d1f78ac091dbc9b4d","tId":"/u/4d94501d1f78ac091dbc9b4d?_=1526827985943","_t":1526828010961}
{"uId":"4d94501d1f78ac091dbc9b4d","tId":"/stream","_t":1526828018330}
{"uId":"4d94501d1f78ac091dbc9b4d","tId":"/u/4d94501d1f78ac091dbc9b4d/playlist/0?_=1526827985946","_t":1526828018342}
{"uId":"4d94501d1f78ac091dbc9b4d","tId":"/","_t":1526828023895}
{"uId":"4d94501d1f78ac091dbc9b4d","tId":"/","_t":1526828042123}
{"uId":"4d94501d1f78ac091dbc9b4d","tId":"/","_t":1526828057675}
{"uId":"4d94501d1f78ac091dbc9b4d","tId":"/u/4d94501d1f78ac091dbc9b4d","_t":1526828060108}
{"uId":"5b018cc7c26bde4c9978db9b","tId":"http://localhost:8080/pick/genres","_t":1526828231948}
{"uId":"5b018cc7c26bde4c9978db9b","tId":"http://localhost:8080/pick/people","_t":1526828236767}
{"uId":"5b018cc7c26bde4c9978db9b","tId":"http://localhost:8080/pick/button","_t":1526828240621}
{"uId":"5b018cc7c26bde4c9978db9b","tId":"/welcome","_t":1526828245344}
{"uId":"4d94501d1f78ac091dbc9b4d","tId":"/","_t":1526828257971}
{"uId":"4d94501d1f78ac091dbc9b4d","tId":"/yt/aZT8VlTV1YY?_=1526828243654","_t":1526828264186}
{"uId":"4d94501d1f78ac091dbc9b4d","tId":"/u/4d94501d1f78ac091dbc9b4d?_=1526828243657","_t":1526828269612}
{"uId":"4d94501d1f78ac091dbc9b4d","tId":"/stream","_t":1526828277553}
{"uId":"4d94501d1f78ac091dbc9b4d","tId":"/u/4d94501d1f78ac091dbc9b4d/playlist/0?_=1526828243660","_t":1526828277563}
{"uId":"4d94501d1f78ac091dbc9b4d","tId":"/","_t":1526828282472}
{"uId":"4d94501d1f78ac091dbc9b4d","tId":"/","_t":1526828297748}
{"uId":"4d94501d1f78ac091dbc9b4d","tId":"/","_t":1526828338398}
{"uId":"4d94501d1f78ac091dbc9b4d","tId":"/","_t":1526828353478}
{"uId":"4d94501d1f78ac091dbc9b4d","tId":"/u/4d94501d1f78ac091dbc9b4d","_t":1526828355829}
{"uId":"4d94501d1f78ac091dbc9b4d","tId":"/","_t":1526828470929}
{"uId":"4d94501d1f78ac091dbc9b4d","tId":"/yt/aZT8VlTV1YY?_=1526828456076","_t":1526828475617}
{"uId":"4d94501d1f78ac091dbc9b4d","tId":"/u/4d94501d1f78ac091dbc9b4d?_=1526828456079","_t":1526828481752}
{"uId":"4d94501d1f78ac091dbc9b4d","tId":"/stream","_t":1526828490056}
{"uId":"4d94501d1f78ac091dbc9b4d","tId":"/u/4d94501d1f78ac091dbc9b4d/playlist/0?_=1526828456082","_t":1526828490070}
{"uId":"4d94501d1f78ac091dbc9b4d","tId":"/","_t":1526828656962}
{"uId":"4d94501d1f78ac091dbc9b4d","tId":"/yt/aZT8VlTV1YY?_=1526828642049","_t":1526828663020}
{"uId":"4d94501d1f78ac091dbc9b4d","tId":"/u/4d94501d1f78ac091dbc9b4d?_=1526828642052","_t":1526828669113}
{"uId":"4d94501d1f78ac091dbc9b4d","tId":"/stream","_t":1526828677440}
{"uId":"4d94501d1f78ac091dbc9b4d","tId":"/u/4d94501d1f78ac091dbc9b4d/playlist/0?_=1526828642055","_t":1526828677448}
{"uId":"4d94501d1f78ac091dbc9b4d","tId":"/","_t":1526828683155}
{"uId":"4d94501d1f78ac091dbc9b4d","tId":"/","_t":1526828766410}
{"uId":"4d94501d1f78ac091dbc9b4d","tId":"/yt/aZT8VlTV1YY?_=1526828751253","_t":1526828771636}
{"uId":"4d94501d1f78ac091dbc9b4d","tId":"/u/4d94501d1f78ac091dbc9b4d?_=1526828751256","_t":1526828777294}
{"uId":"4d94501d1f78ac091dbc9b4d","tId":"/stream","_t":1526828785058}
{"uId":"4d94501d1f78ac091dbc9b4d","tId":"/u/4d94501d1f78ac091dbc9b4d/playlist/0?_=1526828751259","_t":1526828785064}
{"uId":"4d94501d1f78ac091dbc9b4d","tId":"/","_t":1526828790385}
{"uId":"4d94501d1f78ac091dbc9b4d","tId":"/","_t":1526828930793}
{"uId":"4d94501d1f78ac091dbc9b4d","tId":"/yt/aZT8VlTV1YY?_=1526828915450","_t":1526828935969}
{"uId":"4d94501d1f78ac091dbc9b4d","tId":"/u/4d94501d1f78ac091dbc9b4d?_=1526828915453","_t":1526828941758}
{"uId":"4d94501d1f78ac091dbc9b4d","tId":"/stream","_t":1526828949563}
{"uId":"4d94501d1f78ac091dbc9b4d","tId":"/u/4d94501d1f78ac091dbc9b4d/playlist/0?_=1526828915456","_t":1526828949570}
{"uId":"4d94501d1f78ac091dbc9b4d","tId":"/","_t":1526828955097}
{"uId":"4d94501d1f78ac091dbc9b4d","tId":"/","_t":1526829049007}
{"uId":"4d94501d1f78ac091dbc9b4d","tId":"/yt/aZT8VlTV1YY?_=1526829033512","_t":1526829053945}
{"uId":"4d94501d1f78ac091dbc9b4d","tId":"/u/4d94501d1f78ac091dbc9b4d?_=1526829033515","_t":1526829059410}
{"uId":"4d94501d1f78ac091dbc9b4d","tId":"/stream","_t":1526829067659}
{"uId":"4d94501d1f78ac091dbc9b4d","tId":"/","_t":1526829072386}
{"uId":"4d94501d1f78ac091dbc9b4d","tId":"/","_t":1526829805560}
{"uId":"4d94501d1f78ac091dbc9b4d","tId":"/yt/aZT8VlTV1YY?_=1526829789268","_t":1526829811061}
{"uId":"4d94501d1f78ac091dbc9b4d","tId":"/u/4d94501d1f78ac091dbc9b4d?_=1526829789271","_t":1526829816433}
{"uId":"4d94501d1f78ac091dbc9b4d","tId":"/stream","_t":1526829823965}
{"uId":"4d94501d1f78ac091dbc9b4d","tId":"/","_t":1526829848883}
{"uId":"4d94501d1f78ac091dbc9b4d","tId":"/","_t":1526830019521}
{"uId":"4d94501d1f78ac091dbc9b4d","tId":"/yt/aZT8VlTV1YY?_=1526830002908","_t":1526830024476}
{"uId":"4d94501d1f78ac091dbc9b4d","tId":"/u/4d94501d1f78ac091dbc9b4d?_=1526830002911","_t":1526830030054}
{"uId":"4d94501d1f78ac091dbc9b4d","tId":"/stream","_t":1526830037704}
{"uId":"4d94501d1f78ac091dbc9b4d","tId":"/","_t":1526830042585}
{"uId":"4d94501d1f78ac091dbc9b4d","tId":"/","_t":1526830265648}
{"uId":"4d94501d1f78ac091dbc9b4d","tId":"/yt/aZT8VlTV1YY?_=1526830248796","_t":1526830271125}
{"uId":"4d94501d1f78ac091dbc9b4d","tId":"/u/4d94501d1f78ac091dbc9b4d?_=1526830248799","_t":1526830275640}
{"uId":"4d94501d1f78ac091dbc9b4d","tId":"/stream","_t":1526830300256}
{"uId":"4d94501d1f78ac091dbc9b4d","tId":"/","_t":1526830325843}
{"uId":"4d94501d1f78ac091dbc9b4d","tId":"/","_t":1526830340426}
{"uId":"4d94501d1f78ac091dbc9b4d","tId":"/","_t":1526830361194}
{"uId":"4d94501d1f78ac091dbc9b4d","tId":"/u/4d94501d1f78ac091dbc9b4d","_t":1526830366257}
{"uId":"4d94501d1f78ac091dbc9b4d","tId":"/","_t":1526830427257}
{"uId":"4d94501d1f78ac091dbc9b4d","tId":"/yt/aZT8VlTV1YY?_=1526830410203","_t":1526830439317}
{"uId":"4d94501d1f78ac091dbc9b4d","tId":"/stream","_t":1526830456814}
{"uId":"4d94501d1f78ac091dbc9b4d","tId":"/","_t":1526830466664}
{"uId":"4d94501d1f78ac091dbc9b4d","tId":"/","_t":1526830482834}
{"uId":"4d94501d1f78ac091dbc9b4d","tId":"/","_t":1526830527861}
{"uId":"4d94501d1f78ac091dbc9b4d","tId":"/yt/aZT8VlTV1YY?_=1526830510851","_t":1526830542901}
{"uId":"4d94501d1f78ac091dbc9b4d","tId":"/stream","_t":1526830560948}
{"uId":"4d94501d1f78ac091dbc9b4d","tId":"/","_t":1526830568737}
{"uId":"4d94501d1f78ac091dbc9b4d","tId":"/","_t":1526830733312}
{"uId":"4d94501d1f78ac091dbc9b4d","tId":"/yt/aZT8VlTV1YY?_=1526830716034","_t":1526830739446}
{"uId":"4d94501d1f78ac091dbc9b4d","tId":"/stream","_t":1526830790354}
{"uId":"4d94501d1f78ac091dbc9b4d","tId":"/","_t":1526830795095}
{"uId":"4d94501d1f78ac091dbc9b4d","tId":"/","_t":1526830807367}
{"uId":"4d94501d1f78ac091dbc9b4d","tId":"/","_t":1526830885541}
{"uId":"4d94501d1f78ac091dbc9b4d","tId":"/yt/aZT8VlTV1YY?_=1526830868123","_t":1526830899233}
{"uId":"4d94501d1f78ac091dbc9b4d","tId":"/u/4d94501d1f78ac091dbc9b4d?_=1526830868126","_t":1526830905225}
{"uId":"4d94501d1f78ac091dbc9b4d","tId":"/stream","_t":1526830912859}
{"uId":"4d94501d1f78ac091dbc9b4d","tId":"/u/4d94501d1f78ac091dbc9b4d/playlist/0?_=1526830868130","_t":1526830912871}
{"uId":"4d94501d1f78ac091dbc9b4d","tId":"/","_t":1526830917718}
{"uId":"4d94501d1f78ac091dbc9b4d","tId":"/","_t":1526830940706}
{"uId":"4d94501d1f78ac091dbc9b4d","tId":"/","_t":1526830957677}
{"uId":"4d94501d1f78ac091dbc9b4d","tId":"/u/4d94501d1f78ac091dbc9b4d","_t":1526830962009}
{"uId":"4d94501d1f78ac091dbc9b4d","tId":"/","_t":1526831243037}
{"uId":"4d94501d1f78ac091dbc9b4d","tId":"/yt/aZT8VlTV1YY?_=1526831225097","_t":1526831248657}
{"uId":"4d94501d1f78ac091dbc9b4d","tId":"/stream","_t":1526831299711}
{"uId":"4d94501d1f78ac091dbc9b4d","tId":"/","_t":1526831304719}
{"uId":"4d94501d1f78ac091dbc9b4d","tId":"/","_t":1526831319184}
{"uId":"4d94501d1f78ac091dbc9b4d","tId":"/","_t":1526831334846}
{"uId":"4d94501d1f78ac091dbc9b4d","tId":"/u/4d94501d1f78ac091dbc9b4d","_t":1526831339069}
{"uId":"4d94501d1f78ac091dbc9b4d","tId":"/","_t":1526831472502}
{"uId":"4d94501d1f78ac091dbc9b4d","tId":"/yt/aZT8VlTV1YY?_=1526831454306","_t":1526831477848}
{"uId":"4d94501d1f78ac091dbc9b4d","tId":"/stream","_t":1526831528561}
{"uId":"4d94501d1f78ac091dbc9b4d","tId":"/","_t":1526831533639}
{"uId":"4d94501d1f78ac091dbc9b4d","tId":"/","_t":1526831704046}
{"uId":"4d94501d1f78ac091dbc9b4d","tId":"/yt/aZT8VlTV1YY?_=1526831685513","_t":1526831709217}
{"uId":"4d94501d1f78ac091dbc9b4d","tId":"/stream","_t":1526831730352}
{"uId":"4d94501d1f78ac091dbc9b4d","tId":"/","_t":1526831735549}
{"uId":"4d94501d1f78ac091dbc9b4d","tId":"/","_t":1526831915004}
{"uId":"4d94501d1f78ac091dbc9b4d","tId":"/yt/aZT8VlTV1YY?_=1526831896214","_t":1526831920339}
{"uId":"4d94501d1f78ac091dbc9b4d","tId":"/stream","_t":1526831941557}
{"uId":"4d94501d1f78ac091dbc9b4d","tId":"/","_t":1526831946465}
{"uId":"4d94501d1f78ac091dbc9b4d","tId":"/","_t":1526831958924}
{"uId":"4d94501d1f78ac091dbc9b4d","tId":"/","_t":1526832129593}
{"uId":"4d94501d1f78ac091dbc9b4d","tId":"/yt/aZT8VlTV1YY?_=1526832110537","_t":1526832134793}
{"uId":"4d94501d1f78ac091dbc9b4d","tId":"/stream","_t":1526832157036}
{"uId":"4d94501d1f78ac091dbc9b4d","tId":"/","_t":1526832162165}
{"uId":"4d94501d1f78ac091dbc9b4d","tId":"/","_t":1526832232268}
{"uId":"4d94501d1f78ac091dbc9b4d","tId":"/yt/aZT8VlTV1YY?_=1526832213138","_t":1526832237425}
{"uId":"4d94501d1f78ac091dbc9b4d","tId":"/stream","_t":1526832259740}
{"uId":"4d94501d1f78ac091dbc9b4d","tId":"/","_t":1526832266271}
{"uId":"4d94501d1f78ac091dbc9b4d","tId":"/","_t":1526832489435}
{"uId":"4d94501d1f78ac091dbc9b4d","tId":"/yt/aZT8VlTV1YY?_=1526832470087","_t":1526832495068}
{"uId":"4d94501d1f78ac091dbc9b4d","tId":"/u/4d94501d1f78ac091dbc9b4d?_=1526832470090","_t":1526832499536}
{"uId":"4d94501d1f78ac091dbc9b4d","tId":"/stream","_t":1526832507400}
{"uId":"4d94501d1f78ac091dbc9b4d","tId":"/","_t":1526832513330}
{"uId":"4d94501d1f78ac091dbc9b4d","tId":"/","_t":1526832646274}
{"uId":"4d94501d1f78ac091dbc9b4d","tId":"/yt/aZT8VlTV1YY?_=1526832626772","_t":1526832651832}
{"uId":"4d94501d1f78ac091dbc9b4d","tId":"/u/4d94501d1f78ac091dbc9b4d?_=1526832626775","_t":1526832656235}
{"uId":"4d94501d1f78ac091dbc9b4d","tId":"/stream","_t":1526832663389}
{"uId":"4d94501d1f78ac091dbc9b4d","tId":"/u/4d94501d1f78ac091dbc9b4d/playlist/0?_=1526832626778","_t":1526832663398}
{"uId":"4d94501d1f78ac091dbc9b4d","tId":"/","_t":1526832669312}
{"uId":"4d94501d1f78ac091dbc9b4d","tId":"/","_t":1526832686758}
{"uId":"4d94501d1f78ac091dbc9b4d","tId":"/","_t":1526832705656}
{"uId":"4d94501d1f78ac091dbc9b4d","tId":"/u/4d94501d1f78ac091dbc9b4d","_t":1526832710754}
{"uId":"4d94501d1f78ac091dbc9b4d","tId":"/","_t":1526832771714}
{"uId":"4d94501d1f78ac091dbc9b4d","tId":"/yt/aZT8VlTV1YY?_=1526832751976","_t":1526832776676}
{"uId":"4d94501d1f78ac091dbc9b4d","tId":"/u/4d94501d1f78ac091dbc9b4d?_=1526832751979","_t":1526832781114}
{"uId":"4d94501d1f78ac091dbc9b4d","tId":"/stream","_t":1526832788888}
{"uId":"4d94501d1f78ac091dbc9b4d","tId":"/u/4d94501d1f78ac091dbc9b4d/playlist/0?_=1526832751982","_t":1526832788900}
{"uId":"4d94501d1f78ac091dbc9b4d","tId":"/","_t":1526832793932}
{"uId":"4d94501d1f78ac091dbc9b4d","tId":"/","_t":1526832807454}
{"uId":"4d94501d1f78ac091dbc9b4d","tId":"/","_t":1526832825559}
{"uId":"4d94501d1f78ac091dbc9b4d","tId":"/u/4d94501d1f78ac091dbc9b4d","_t":1526832830750}
{"uId":"5b019f23c26bde4c9978dbab","tId":"http://localhost:8080/pick/genres","_t":1526832932271}
{"uId":"5b019f23c26bde4c9978dbab","tId":"http://localhost:8080/pick/people","_t":1526832936801}
{"uId":"5b019f23c26bde4c9978dbab","tId":"http://localhost:8080/pick/button","_t":1526832939784}
{"uId":"5b019f23c26bde4c9978dbab","tId":"/welcome","_t":1526832943514}
{"uId":"4d94501d1f78ac091dbc9b4d","tId":"/","_t":1526832952958}
{"uId":"4d94501d1f78ac091dbc9b4d","tId":"/yt/aZT8VlTV1YY?_=1526832932975","_t":1526832957626}
{"uId":"4d94501d1f78ac091dbc9b4d","tId":"/u/4d94501d1f78ac091dbc9b4d?_=1526832932978","_t":1526832961499}
{"uId":"4d94501d1f78ac091dbc9b4d","tId":"/stream","_t":1526832967822}
{"uId":"4d94501d1f78ac091dbc9b4d","tId":"/u/4d94501d1f78ac091dbc9b4d/playlist/0?_=1526832932981","_t":1526832967834}
{"uId":"4d94501d1f78ac091dbc9b4d","tId":"/","_t":1526832972752}
{"uId":"4d94501d1f78ac091dbc9b4d","tId":"/","_t":1526832987578}
{"uId":"4d94501d1f78ac091dbc9b4d","tId":"/","_t":1526833004454}
{"uId":"4d94501d1f78ac091dbc9b4d","tId":"/u/4d94501d1f78ac091dbc9b4d","_t":1526833008390}
{"uId":"5b01a01ec26bde4c9978dbae","tId":"http://localhost:8080/pick/genres","_t":1526833182815}
{"uId":"5b01a01ec26bde4c9978dbae","tId":"http://localhost:8080/pick/people","_t":1526833188266}
{"uId":"5b01a01ec26bde4c9978dbae","tId":"http://localhost:8080/pick/button","_t":1526833192471}
{"uId":"5b01a01ec26bde4c9978dbae","tId":"/welcome","_t":1526833197362}
{"uId":"4d94501d1f78ac091dbc9b4d","tId":"/","_t":1526833211644}
{"uId":"4d94501d1f78ac091dbc9b4d","tId":"/yt/aZT8VlTV1YY?_=1526833191452","_t":1526833216466}
{"uId":"4d94501d1f78ac091dbc9b4d","tId":"/u/4d94501d1f78ac091dbc9b4d?_=1526833191455","_t":1526833220436}
{"uId":"4d94501d1f78ac091dbc9b4d","tId":"/stream","_t":1526833227256}
{"uId":"4d94501d1f78ac091dbc9b4d","tId":"/u/4d94501d1f78ac091dbc9b4d/playlist/0?_=1526833191458","_t":1526833227269}
{"uId":"4d94501d1f78ac091dbc9b4d","tId":"/","_t":1526833232068}
{"uId":"4d94501d1f78ac091dbc9b4d","tId":"/","_t":1526833245062}
{"uId":"4d94501d1f78ac091dbc9b4d","tId":"/","_t":1526833261333}
{"uId":"4d94501d1f78ac091dbc9b4d","tId":"/u/4d94501d1f78ac091dbc9b4d","_t":1526833265354}
{"uId":"5b01a0d8c26bde4c9978dbb1","tId":"http://localhost:8080/pick/genres","_t":1526833369320}
{"uId":"5b01a0d8c26bde4c9978dbb1","tId":"http://localhost:8080/pick/people","_t":1526833373507}
{"uId":"5b01a0d8c26bde4c9978dbb1","tId":"http://localhost:8080/pick/button","_t":1526833376498}
{"uId":"5b01a0d8c26bde4c9978dbb1","tId":"/welcome","_t":1526833380528}
{"uId":"4d94501d1f78ac091dbc9b4d","tId":"/","_t":1526833390332}
{"uId":"4d94501d1f78ac091dbc9b4d","tId":"/yt/aZT8VlTV1YY?_=1526833369881","_t":1526833395009}
{"uId":"4d94501d1f78ac091dbc9b4d","tId":"/u/4d94501d1f78ac091dbc9b4d?_=1526833369884","_t":1526833399326}
{"uId":"4d94501d1f78ac091dbc9b4d","tId":"/stream","_t":1526833407098}
{"uId":"4d94501d1f78ac091dbc9b4d","tId":"/u/4d94501d1f78ac091dbc9b4d/playlist/0?_=1526833369887","_t":1526833407114}
{"uId":"4d94501d1f78ac091dbc9b4d","tId":"/","_t":1526833411973}
{"uId":"4d94501d1f78ac091dbc9b4d","tId":"/","_t":1526833427367}
{"uId":"4d94501d1f78ac091dbc9b4d","tId":"/","_t":1526833445748}
{"uId":"4d94501d1f78ac091dbc9b4d","tId":"/u/4d94501d1f78ac091dbc9b4d","_t":1526833450524}
{"uId":"5b01b4252680b44e350b1be5","tId":"http://localhost:8080/pick/genres","_t":1526838310484}
{"uId":"5b01b4252680b44e350b1be5","tId":"http://localhost:8080/pick/people","_t":1526838314896}
{"uId":"5b01b4252680b44e350b1be5","tId":"http://localhost:8080/pick/button","_t":1526838317664}
{"uId":"5b01b4252680b44e350b1be5","tId":"/welcome","_t":1526838321432}
{"uId":"4d94501d1f78ac091dbc9b4d","tId":"/","_t":1526838332506}
{"uId":"4d94501d1f78ac091dbc9b4d","tId":"/yt/aZT8VlTV1YY?_=1526838306359","_t":1526838337261}
{"uId":"4d94501d1f78ac091dbc9b4d","tId":"/u/4d94501d1f78ac091dbc9b4d?_=1526838306362","_t":1526838341598}
{"uId":"4d94501d1f78ac091dbc9b4d","tId":"/stream","_t":1526838347949}
{"uId":"4d94501d1f78ac091dbc9b4d","tId":"/u/4d94501d1f78ac091dbc9b4d/playlist/0?_=1526838306365","_t":1526838347959}
{"uId":"4d94501d1f78ac091dbc9b4d","tId":"/","_t":1526838352638}
{"uId":"4d94501d1f78ac091dbc9b4d","tId":"/","_t":1526838368438}
{"uId":"4d94501d1f78ac091dbc9b4d","tId":"/","_t":1526838386913}
{"uId":"4d94501d1f78ac091dbc9b4d","tId":"/u/4d94501d1f78ac091dbc9b4d","_t":1526838392345}
